Lua/Android-LOVE/love/build/intermediates/manifest_merge_blame_file/embedRelease/manifest-merger-blame-embed-release-report.txt
1<?xml version="1.0" encoding="utf-8"?>
2<manifest xmlns:android="http://schemas.android.com/apk/res/android"
3    package="org.love2d.android" >
4
5    <uses-sdk android:minSdkVersion="16" />
5-->src\main\AndroidManifest.xml
6
7    <uses-permission android:name="android.permission.VIBRATE" />
7-->src\main\AndroidManifest.xml:4:5-66
7-->src\main\AndroidManifest.xml:4:22-63
8
9</manifest>